<html xmlns:math="http://exslt.org/math" xmlns:testng="http://testng.org">
   <head>
      <title>TestNG Results</title>
      <meta http-equiv="content-type" content="text/html; charset=utf-8"></meta>
      <meta http-equiv="pragma" content="no-cache"></meta>
      <meta http-equiv="cache-control" content="max-age=0"></meta>
      <meta http-equiv="cache-control" content="no-cache"></meta>
      <meta http-equiv="cache-control" content="no-store"></meta>
      <LINK rel="stylesheet" href="style.css"></LINK>
      <script type="text/javascript" src="main.js"></script>
   </head>
   <body>
      <table width="100%" style="font-size: 16px; margin-bottom: 10px;" cellspacing="1">
         <tr>
            <td width="100%">
               Test case
               
               <b>Potential Test</b>
            </td>
            <td style="background-color: #FFBBBB; padding: 3px 3px 3px 0;" align="center">
               <div style="width: 50px;">0</div>
            </td>
            <td style="background-color: lightgreen; padding: 3px 3px 3px 0;" align="center">
               <div style="width: 50px;">1</div>
            </td>
            <td style="background-color: #FFFFBB; padding: 3px 3px 3px 0;" align="center">
               <div style="width: 50px;">1</div>
            </td>
            <td align="center" style="background-color: #eaf0f7; padding: 3px 3px 3px 0;">
               <div style="width: 50px;">2</div>
            </td>
            <td align="center"
                style="font-weight: bold; background-color: #eaf0f7; padding: 3px 3px 3px 0;">
               <div style="width: 50px;">50%</div>
            </td>
            <td style="background-color: #eaf0f7; padding: 3px 3px 3px 0;" align="center"
                nowrap="true">152 ms
               
            </td>
         </tr>
      </table>
      <div style="width: 200px;">
         <label for="groupMethodsCheckBox" style="font-weight: bold; margin: 0;">
            <input id="groupMethodsCheckBox" type="checkbox" onclick="switchTestMethodsView(this)"></input>
            Group by class
            
         </label>
         <br></br>
         <label for="methodsFilter_ALL" style="font-weight: bold; margin: 0;">
            <input id="methodsFilter_ALL" type="checkbox"
                   onclick="testMethodsFilterChanged(this, 'ALL')"></input>
            All
            
         </label>
      </div>
      <label for="methodsFilter_FAIL" style="margin-left: 20px;">
         <input id="methodsFilter_FAIL" type="checkbox"
                onclick="testMethodsFilterChanged(this, 'FAIL')"
                checked=""></input>
         Failed
         
      </label>
      <label for="methodsFilter_PASS">
         <input id="methodsFilter_PASS" type="checkbox"
                onclick="testMethodsFilterChanged(this, 'PASS')"
                checked=""></input>
         Passed
         
      </label>
      <label for="methodsFilter_SKIP">
         <input id="methodsFilter_SKIP" type="checkbox"
                onclick="testMethodsFilterChanged(this, 'SKIP')"
                checked=""></input>
         Skipped
         
      </label>
      <label for="methodsFilter_CONF">
         <input id="methodsFilter_CONF" type="checkbox"
                onclick="testMethodsFilterChanged(this, 'CONF')"></input>
         Config
         
      </label>
      <br></br>
      <div id="testMethodsByStatus">
         <table class="testMethodsTable" cellpadding="0" cellspacing="0">
            <tr class="methodsTableHeader">
               <td width="100%">Name</td>
               <td nowrap="true">Started</td>
               <td nowrap="true">Duration</td>
               <td>Exception</td>
            </tr>
            <tr id="com.qtpselenium.zoho.project.testcases.PotentialTest_initialize_byStatus_passed_PASS1_row"
                class="testMethodStatusPASS testMethodStatusCONF">
               <td width="100%" class="firstMethodCell">
                  <a onclick="toggleDetailsVisibility('com.qtpselenium.zoho.project.testcases.PotentialTest_initialize_byStatus_passed_PASS1_details')">initialize()</a>
               </td>
               <td nowrap="true">08:32:52</td>
               <td nowrap="true" align="right">1 ms
                  
               </td>
               <td nowrap="true">
                   
                  
               </td>
            </tr>
            <tr>
               <td colspan="4" class="detailsBox">
                  <div id="com.qtpselenium.zoho.project.testcases.PotentialTest_initialize_byStatus_passed_PASS1_details"
                       class="testMethodDetails">
                     <div>
                        <b>Name: </b>initialize
                     </div>
                     <div>
                        <b>Signature: </b>initialize()[pri:0, instance:com.qtpselenium.zoho.project.testcases.PotentialTest@17baae6e]
                     </div>
                     <div>
                        <b>Start time: </b>08:32:52
                     </div>
                     <div>
                        <b>End time: </b>08:32:52
                     </div>
                     <div>
                        <b>Duration: </b>1 ms
                        
                     </div>
                  </div>
               </td>
            </tr>
            <tr></tr>
            <tr id="com.qtpselenium.zoho.project.testcases.PotentialTest_create_byStatus_passed_PASS2_row"
                class="testMethodStatusPASS testMethodStatusCONF">
               <td width="100%" class="firstMethodCell">
                  <a onclick="toggleDetailsVisibility('com.qtpselenium.zoho.project.testcases.PotentialTest_create_byStatus_passed_PASS2_details')">create()</a>
               </td>
               <td nowrap="true">08:32:52</td>
               <td nowrap="true" align="right">0 ms
                  
               </td>
               <td nowrap="true">
                   
                  
               </td>
            </tr>
            <tr>
               <td colspan="4" class="detailsBox">
                  <div id="com.qtpselenium.zoho.project.testcases.PotentialTest_create_byStatus_passed_PASS2_details"
                       class="testMethodDetails">
                     <div>
                        <b>Name: </b>create
                     </div>
                     <div>
                        <b>Signature: </b>create()[pri:0, instance:com.qtpselenium.zoho.project.testcases.PotentialTest@17baae6e]
                     </div>
                     <div>
                        <b>Start time: </b>08:32:52
                     </div>
                     <div>
                        <b>End time: </b>08:32:52
                     </div>
                     <div>
                        <b>Duration: </b>0 ms
                        
                     </div>
                  </div>
               </td>
            </tr>
            <tr></tr>
            <tr id="com.qtpselenium.zoho.project.testcases.PotentialTest_tearDown_byStatus_passed_PASS3_row"
                class="testMethodStatusPASS testMethodStatusCONF">
               <td width="100%" class="firstMethodCell">
                  <a onclick="toggleDetailsVisibility('com.qtpselenium.zoho.project.testcases.PotentialTest_tearDown_byStatus_passed_PASS3_details')">tearDown()</a>
               </td>
               <td nowrap="true">08:32:52</td>
               <td nowrap="true" align="right">69 ms
                  
               </td>
               <td nowrap="true">
                   
                  
               </td>
            </tr>
            <tr>
               <td colspan="4" class="detailsBox">
                  <div id="com.qtpselenium.zoho.project.testcases.PotentialTest_tearDown_byStatus_passed_PASS3_details"
                       class="testMethodDetails">
                     <div>
                        <b>Name: </b>tearDown
                     </div>
                     <div>
                        <b>Signature: </b>tearDown()[pri:0, instance:com.qtpselenium.zoho.project.testcases.PotentialTest@17baae6e]
                     </div>
                     <div>
                        <b>Start time: </b>08:32:52
                     </div>
                     <div>
                        <b>End time: </b>08:32:52
                     </div>
                     <div>
                        <b>Duration: </b>69 ms
                        
                     </div>
                  </div>
               </td>
            </tr>
            <tr></tr>
            <tr id="com.qtpselenium.zoho.project.testcases.PotentialTest_tearDown_byStatus_passed_PASS4_row"
                class="testMethodStatusPASS testMethodStatusCONF">
               <td width="100%" class="firstMethodCell">
                  <a onclick="toggleDetailsVisibility('com.qtpselenium.zoho.project.testcases.PotentialTest_tearDown_byStatus_passed_PASS4_details')">tearDown()</a>
               </td>
               <td nowrap="true">08:32:52</td>
               <td nowrap="true" align="right">34 ms
                  
               </td>
               <td nowrap="true">
                   
                  
               </td>
            </tr>
            <tr>
               <td colspan="4" class="detailsBox">
                  <div id="com.qtpselenium.zoho.project.testcases.PotentialTest_tearDown_byStatus_passed_PASS4_details"
                       class="testMethodDetails">
                     <div>
                        <b>Name: </b>tearDown
                     </div>
                     <div>
                        <b>Signature: </b>tearDown()[pri:0, instance:com.qtpselenium.zoho.project.testcases.PotentialTest@17baae6e]
                     </div>
                     <div>
                        <b>Start time: </b>08:32:52
                     </div>
                     <div>
                        <b>End time: </b>08:32:52
                     </div>
                     <div>
                        <b>Duration: </b>34 ms
                        
                     </div>
                  </div>
               </td>
            </tr>
            <tr></tr>
            <tr id="com.qtpselenium.zoho.project.testcases.PotentialTest_deletePotentialAccountTest_byStatus_passed_PASS5_row"
                class="testMethodStatusPASS">
               <td width="100%" class="firstMethodCell">
                  <a onclick="toggleDetailsVisibility('com.qtpselenium.zoho.project.testcases.PotentialTest_deletePotentialAccountTest_byStatus_passed_PASS5_details')">deletePotentialAccountTest()</a>
               </td>
               <td nowrap="true">08:32:52</td>
               <td nowrap="true" align="right">0 ms
                  
               </td>
               <td nowrap="true">
                   
                  
               </td>
            </tr>
            <tr>
               <td colspan="4" class="detailsBox">
                  <div id="com.qtpselenium.zoho.project.testcases.PotentialTest_deletePotentialAccountTest_byStatus_passed_PASS5_details"
                       class="testMethodDetails">
                     <div>
                        <b>Name: </b>deletePotentialAccountTest
                     </div>
                     <div>
                        <b>Signature: </b>deletePotentialAccountTest()[pri:2, instance:com.qtpselenium.zoho.project.testcases.PotentialTest@17baae6e]
                     </div>
                     <div>
                        <b>Start time: </b>08:32:52
                     </div>
                     <div>
                        <b>End time: </b>08:32:52
                     </div>
                     <div>
                        <b>Duration: </b>0 ms
                        
                     </div>
                  </div>
               </td>
            </tr>
            <tr></tr>
            <tr id="com.qtpselenium.zoho.project.testcases.PotentialTest_create_byStatus_passed_PASS6_row"
                class="testMethodStatusPASS testMethodStatusCONF">
               <td width="100%" class="firstMethodCell">
                  <a onclick="toggleDetailsVisibility('com.qtpselenium.zoho.project.testcases.PotentialTest_create_byStatus_passed_PASS6_details')">create()</a>
               </td>
               <td nowrap="true">08:32:52</td>
               <td nowrap="true" align="right">0 ms
                  
               </td>
               <td nowrap="true">
                   
                  
               </td>
            </tr>
            <tr>
               <td colspan="4" class="detailsBox">
                  <div id="com.qtpselenium.zoho.project.testcases.PotentialTest_create_byStatus_passed_PASS6_details"
                       class="testMethodDetails">
                     <div>
                        <b>Name: </b>create
                     </div>
                     <div>
                        <b>Signature: </b>create()[pri:0, instance:com.qtpselenium.zoho.project.testcases.PotentialTest@17baae6e]
                     </div>
                     <div>
                        <b>Start time: </b>08:32:52
                     </div>
                     <div>
                        <b>End time: </b>08:32:52
                     </div>
                     <div>
                        <b>Duration: </b>0 ms
                        
                     </div>
                  </div>
               </td>
            </tr>
            <tr></tr>
            <tr id="com.qtpselenium.zoho.project.testcases.PotentialTest_createPotentialTest_byStatus_skiped_SKIP1_row"
                class="testMethodStatusSKIP">
               <td width="100%" class="firstMethodCell">
                  <a onclick="toggleDetailsVisibility('com.qtpselenium.zoho.project.testcases.PotentialTest_createPotentialTest_byStatus_skiped_SKIP1_details')">createPotentialTest({PotentialName=Moody, Runmode=Y, AccountName=Pinnacle, ClosingDate=23/09/2016, Stage=Needs Analysis, Browser=Chrome})</a>
               </td>
               <td nowrap="true">08:32:52</td>
               <td nowrap="true" align="right">5 ms
                  
               </td>
               <td nowrap="true">
                  <a onclick="toggleDetailsVisibility('com.qtpselenium.zoho.project.testcases.PotentialTest_createPotentialTest_byStatus_skiped_SKIP1_exception')">org.testng.SkipException: 
                     Skipping test as test run is No
                     
                  </a>
                   
                  
               </td>
            </tr>
            <tr>
               <td colspan="4" class="detailsBox">
                  <div id="com.qtpselenium.zoho.project.testcases.PotentialTest_createPotentialTest_byStatus_skiped_SKIP1_details"
                       class="testMethodDetails">
                     <div>
                        <b>Name: </b>createPotentialTest
                     </div>
                     <div>
                        <b>Signature: </b>createPotentialTest(java.util.Hashtable)[pri:1, instance:com.qtpselenium.zoho.project.testcases.PotentialTest@17baae6e]
                     </div>
                     <div>
                        <b>Parameters: </b>
                        
                        {PotentialName=Moody, Runmode=Y, AccountName=Pinnacle, ClosingDate=23/09/2016, Stage=Needs Analysis, Browser=Chrome}
                        
                        
                     </div>
                     <div>
                        <b>Start time: </b>08:32:52
                     </div>
                     <div>
                        <b>End time: </b>08:32:52
                     </div>
                     <div>
                        <b>Duration: </b>5 ms
                        
                     </div>
                  </div>
               </td>
            </tr>
            <tr>
               <td colspan="4" class="detailsBox">
                  <div id="com.qtpselenium.zoho.project.testcases.PotentialTest_createPotentialTest_byStatus_skiped_SKIP1_exception"
                       class="testMethodDetails">
                     <pre style="padding: 5px; margin: 0;">org.testng.SkipException: Skipping test as test run is No
                        	at com.qtpselenium.zoho.project.testcases.PotentialTest.createPotentialTest(PotentialTest.java:30)
                        	at sun.reflect.NativeMethodAccessorImpl.invoke0(Native Method)
                        	at sun.reflect.NativeMethodAccessorImpl.invoke(NativeMethodAccessorImpl.java:62)
                        	at sun.reflect.DelegatingMethodAccessorImpl.invoke(DelegatingMethodAccessorImpl.java:43)
                        	at java.lang.reflect.Method.invoke(Method.java:497)
                        	at org.testng.internal.MethodInvocationHelper.invokeMethod(MethodInvocationHelper.java:85)
                        	at org.testng.internal.Invoker.invokeMethod(Invoker.java:639)
                        	at org.testng.internal.Invoker.invokeTestMethod(Invoker.java:816)
                        	at org.testng.internal.Invoker.invokeTestMethods(Invoker.java:1124)
                        	at org.testng.internal.TestMethodWorker.invokeTestMethods(TestMethodWorker.java:125)
                        	at org.testng.internal.TestMethodWorker.run(TestMethodWorker.java:108)
                        	at org.testng.TestRunner.privateRun(TestRunner.java:774)
                        	at org.testng.TestRunner.run(TestRunner.java:624)
                        	at org.testng.SuiteRunner.runTest(SuiteRunner.java:359)
                        	at org.testng.SuiteRunner.runSequentially(SuiteRunner.java:354)
                        	at org.testng.SuiteRunner.privateRun(SuiteRunner.java:312)
                        	at org.testng.SuiteRunner.run(SuiteRunner.java:261)
                        	at org.testng.SuiteRunnerWorker.runSuite(SuiteRunnerWorker.java:52)
                        	at org.testng.SuiteRunnerWorker.run(SuiteRunnerWorker.java:86)
                        	at org.testng.TestNG.runSuitesSequentially(TestNG.java:1215)
                        	at org.testng.TestNG.runSuitesLocally(TestNG.java:1140)
                        	at org.testng.TestNG.run(TestNG.java:1048)
                        	at org.testng.TestNG.privateMain(TestNG.java:1355)
                        	at org.testng.TestNG.main(TestNG.java:1324)
                     </pre>
                  </div>
               </td>
            </tr>
         </table>
      </div>
      <div id="testMethodsByClass" style="display: none;">
         <table class="testMethodsTable" cellpadding="0" cellspacing="0">
            <tr>
               <td colspan="4">
                  <h3 style="display: inline;">com.qtpselenium.zoho.project.testcases.PotentialTest</h3>
               </td>
            </tr>
            <tr class="methodsTableHeader">
               <td width="100%">Name</td>
               <td nowrap="true">Started</td>
               <td nowrap="true">Duration</td>
               <td>Exception</td>
            </tr>
            <tr id="com.qtpselenium.zoho.project.testcases.PotentialTest_initialize_byClass_PASS1_row"
                class="testMethodStatusPASS testMethodStatusCONF">
               <td width="100%" class="firstMethodCell">
                  <a onclick="toggleDetailsVisibility('com.qtpselenium.zoho.project.testcases.PotentialTest_initialize_byClass_PASS1_details')">initialize()</a>
               </td>
               <td nowrap="true">08:32:52</td>
               <td nowrap="true" align="right">1 ms
                  
               </td>
               <td nowrap="true">
                   
                  
               </td>
            </tr>
            <tr>
               <td colspan="4" class="detailsBox">
                  <div id="com.qtpselenium.zoho.project.testcases.PotentialTest_initialize_byClass_PASS1_details"
                       class="testMethodDetails">
                     <div>
                        <b>Name: </b>initialize
                     </div>
                     <div>
                        <b>Signature: </b>initialize()[pri:0, instance:com.qtpselenium.zoho.project.testcases.PotentialTest@17baae6e]
                     </div>
                     <div>
                        <b>Start time: </b>08:32:52
                     </div>
                     <div>
                        <b>End time: </b>08:32:52
                     </div>
                     <div>
                        <b>Duration: </b>1 ms
                        
                     </div>
                  </div>
               </td>
            </tr>
            <tr></tr>
            <tr id="com.qtpselenium.zoho.project.testcases.PotentialTest_createPotentialTest_byClass_SKIP2_row"
                class="testMethodStatusSKIP">
               <td width="100%" class="firstMethodCell">
                  <a onclick="toggleDetailsVisibility('com.qtpselenium.zoho.project.testcases.PotentialTest_createPotentialTest_byClass_SKIP2_details')">createPotentialTest({PotentialName=Moody, Runmode=Y, AccountName=Pinnacle, ClosingDate=23/09/2016, Stage=Needs Analysis, Browser=Chrome})</a>
               </td>
               <td nowrap="true">08:32:52</td>
               <td nowrap="true" align="right">5 ms
                  
               </td>
               <td nowrap="true">
                  <a onclick="toggleDetailsVisibility('com.qtpselenium.zoho.project.testcases.PotentialTest_createPotentialTest_byClass_SKIP2_exception')">org.testng.SkipException: 
                     Skipping test as test run is No
                     
                  </a>
                   
                  
               </td>
            </tr>
            <tr>
               <td colspan="4" class="detailsBox">
                  <div id="com.qtpselenium.zoho.project.testcases.PotentialTest_createPotentialTest_byClass_SKIP2_details"
                       class="testMethodDetails">
                     <div>
                        <b>Name: </b>createPotentialTest
                     </div>
                     <div>
                        <b>Signature: </b>createPotentialTest(java.util.Hashtable)[pri:1, instance:com.qtpselenium.zoho.project.testcases.PotentialTest@17baae6e]
                     </div>
                     <div>
                        <b>Parameters: </b>
                        
                        {PotentialName=Moody, Runmode=Y, AccountName=Pinnacle, ClosingDate=23/09/2016, Stage=Needs Analysis, Browser=Chrome}
                        
                        
                     </div>
                     <div>
                        <b>Start time: </b>08:32:52
                     </div>
                     <div>
                        <b>End time: </b>08:32:52
                     </div>
                     <div>
                        <b>Duration: </b>5 ms
                        
                     </div>
                  </div>
               </td>
            </tr>
            <tr>
               <td colspan="4" class="detailsBox">
                  <div id="com.qtpselenium.zoho.project.testcases.PotentialTest_createPotentialTest_byClass_SKIP2_exception"
                       class="testMethodDetails">
                     <pre style="padding: 5px; margin: 0;">org.testng.SkipException: Skipping test as test run is No
                        	at com.qtpselenium.zoho.project.testcases.PotentialTest.createPotentialTest(PotentialTest.java:30)
                        	at sun.reflect.NativeMethodAccessorImpl.invoke0(Native Method)
                        	at sun.reflect.NativeMethodAccessorImpl.invoke(NativeMethodAccessorImpl.java:62)
                        	at sun.reflect.DelegatingMethodAccessorImpl.invoke(DelegatingMethodAccessorImpl.java:43)
                        	at java.lang.reflect.Method.invoke(Method.java:497)
                        	at org.testng.internal.MethodInvocationHelper.invokeMethod(MethodInvocationHelper.java:85)
                        	at org.testng.internal.Invoker.invokeMethod(Invoker.java:639)
                        	at org.testng.internal.Invoker.invokeTestMethod(Invoker.java:816)
                        	at org.testng.internal.Invoker.invokeTestMethods(Invoker.java:1124)
                        	at org.testng.internal.TestMethodWorker.invokeTestMethods(TestMethodWorker.java:125)
                        	at org.testng.internal.TestMethodWorker.run(TestMethodWorker.java:108)
                        	at org.testng.TestRunner.privateRun(TestRunner.java:774)
                        	at org.testng.TestRunner.run(TestRunner.java:624)
                        	at org.testng.SuiteRunner.runTest(SuiteRunner.java:359)
                        	at org.testng.SuiteRunner.runSequentially(SuiteRunner.java:354)
                        	at org.testng.SuiteRunner.privateRun(SuiteRunner.java:312)
                        	at org.testng.SuiteRunner.run(SuiteRunner.java:261)
                        	at org.testng.SuiteRunnerWorker.runSuite(SuiteRunnerWorker.java:52)
                        	at org.testng.SuiteRunnerWorker.run(SuiteRunnerWorker.java:86)
                        	at org.testng.TestNG.runSuitesSequentially(TestNG.java:1215)
                        	at org.testng.TestNG.runSuitesLocally(TestNG.java:1140)
                        	at org.testng.TestNG.run(TestNG.java:1048)
                        	at org.testng.TestNG.privateMain(TestNG.java:1355)
                        	at org.testng.TestNG.main(TestNG.java:1324)
                     </pre>
                  </div>
               </td>
            </tr>
            <tr id="com.qtpselenium.zoho.project.testcases.PotentialTest_create_byClass_PASS3_row"
                class="testMethodStatusPASS testMethodStatusCONF">
               <td width="100%" class="firstMethodCell">
                  <a onclick="toggleDetailsVisibility('com.qtpselenium.zoho.project.testcases.PotentialTest_create_byClass_PASS3_details')">create()</a>
               </td>
               <td nowrap="true">08:32:52</td>
               <td nowrap="true" align="right">0 ms
                  
               </td>
               <td nowrap="true">
                   
                  
               </td>
            </tr>
            <tr>
               <td colspan="4" class="detailsBox">
                  <div id="com.qtpselenium.zoho.project.testcases.PotentialTest_create_byClass_PASS3_details"
                       class="testMethodDetails">
                     <div>
                        <b>Name: </b>create
                     </div>
                     <div>
                        <b>Signature: </b>create()[pri:0, instance:com.qtpselenium.zoho.project.testcases.PotentialTest@17baae6e]
                     </div>
                     <div>
                        <b>Start time: </b>08:32:52
                     </div>
                     <div>
                        <b>End time: </b>08:32:52
                     </div>
                     <div>
                        <b>Duration: </b>0 ms
                        
                     </div>
                  </div>
               </td>
            </tr>
            <tr></tr>
            <tr id="com.qtpselenium.zoho.project.testcases.PotentialTest_tearDown_byClass_PASS4_row"
                class="testMethodStatusPASS testMethodStatusCONF">
               <td width="100%" class="firstMethodCell">
                  <a onclick="toggleDetailsVisibility('com.qtpselenium.zoho.project.testcases.PotentialTest_tearDown_byClass_PASS4_details')">tearDown()</a>
               </td>
               <td nowrap="true">08:32:52</td>
               <td nowrap="true" align="right">69 ms
                  
               </td>
               <td nowrap="true">
                   
                  
               </td>
            </tr>
            <tr>
               <td colspan="4" class="detailsBox">
                  <div id="com.qtpselenium.zoho.project.testcases.PotentialTest_tearDown_byClass_PASS4_details"
                       class="testMethodDetails">
                     <div>
                        <b>Name: </b>tearDown
                     </div>
                     <div>
                        <b>Signature: </b>tearDown()[pri:0, instance:com.qtpselenium.zoho.project.testcases.PotentialTest@17baae6e]
                     </div>
                     <div>
                        <b>Start time: </b>08:32:52
                     </div>
                     <div>
                        <b>End time: </b>08:32:52
                     </div>
                     <div>
                        <b>Duration: </b>69 ms
                        
                     </div>
                  </div>
               </td>
            </tr>
            <tr></tr>
            <tr id="com.qtpselenium.zoho.project.testcases.PotentialTest_tearDown_byClass_PASS5_row"
                class="testMethodStatusPASS testMethodStatusCONF">
               <td width="100%" class="firstMethodCell">
                  <a onclick="toggleDetailsVisibility('com.qtpselenium.zoho.project.testcases.PotentialTest_tearDown_byClass_PASS5_details')">tearDown()</a>
               </td>
               <td nowrap="true">08:32:52</td>
               <td nowrap="true" align="right">34 ms
                  
               </td>
               <td nowrap="true">
                   
                  
               </td>
            </tr>
            <tr>
               <td colspan="4" class="detailsBox">
                  <div id="com.qtpselenium.zoho.project.testcases.PotentialTest_tearDown_byClass_PASS5_details"
                       class="testMethodDetails">
                     <div>
                        <b>Name: </b>tearDown
                     </div>
                     <div>
                        <b>Signature: </b>tearDown()[pri:0, instance:com.qtpselenium.zoho.project.testcases.PotentialTest@17baae6e]
                     </div>
                     <div>
                        <b>Start time: </b>08:32:52
                     </div>
                     <div>
                        <b>End time: </b>08:32:52
                     </div>
                     <div>
                        <b>Duration: </b>34 ms
                        
                     </div>
                  </div>
               </td>
            </tr>
            <tr></tr>
            <tr id="com.qtpselenium.zoho.project.testcases.PotentialTest_deletePotentialAccountTest_byClass_PASS6_row"
                class="testMethodStatusPASS">
               <td width="100%" class="firstMethodCell">
                  <a onclick="toggleDetailsVisibility('com.qtpselenium.zoho.project.testcases.PotentialTest_deletePotentialAccountTest_byClass_PASS6_details')">deletePotentialAccountTest()</a>
               </td>
               <td nowrap="true">08:32:52</td>
               <td nowrap="true" align="right">0 ms
                  
               </td>
               <td nowrap="true">
                   
                  
               </td>
            </tr>
            <tr>
               <td colspan="4" class="detailsBox">
                  <div id="com.qtpselenium.zoho.project.testcases.PotentialTest_deletePotentialAccountTest_byClass_PASS6_details"
                       class="testMethodDetails">
                     <div>
                        <b>Name: </b>deletePotentialAccountTest
                     </div>
                     <div>
                        <b>Signature: </b>deletePotentialAccountTest()[pri:2, instance:com.qtpselenium.zoho.project.testcases.PotentialTest@17baae6e]
                     </div>
                     <div>
                        <b>Start time: </b>08:32:52
                     </div>
                     <div>
                        <b>End time: </b>08:32:52
                     </div>
                     <div>
                        <b>Duration: </b>0 ms
                        
                     </div>
                  </div>
               </td>
            </tr>
            <tr></tr>
            <tr id="com.qtpselenium.zoho.project.testcases.PotentialTest_create_byClass_PASS7_row"
                class="testMethodStatusPASS testMethodStatusCONF">
               <td width="100%" class="firstMethodCell">
                  <a onclick="toggleDetailsVisibility('com.qtpselenium.zoho.project.testcases.PotentialTest_create_byClass_PASS7_details')">create()</a>
               </td>
               <td nowrap="true">08:32:52</td>
               <td nowrap="true" align="right">0 ms
                  
               </td>
               <td nowrap="true">
                   
                  
               </td>
            </tr>
            <tr>
               <td colspan="4" class="detailsBox">
                  <div id="com.qtpselenium.zoho.project.testcases.PotentialTest_create_byClass_PASS7_details"
                       class="testMethodDetails">
                     <div>
                        <b>Name: </b>create
                     </div>
                     <div>
                        <b>Signature: </b>create()[pri:0, instance:com.qtpselenium.zoho.project.testcases.PotentialTest@17baae6e]
                     </div>
                     <div>
                        <b>Start time: </b>08:32:52
                     </div>
                     <div>
                        <b>End time: </b>08:32:52
                     </div>
                     <div>
                        <b>Duration: </b>0 ms
                        
                     </div>
                  </div>
               </td>
            </tr>
            <tr></tr>
         </table>
         <br></br>
      </div>
      <div style="margin-top: 15px; color: gray; text-align: center; font-size: 9px;">
         Generated with
         
         <a href="http://code.google.com/p/testng-xslt/" style="color: #8888aa;"
            target="_blank">
            TestNG XSLT
            
         </a>
      </div>
   </body>
</html>