<!DOCTYPE html PUBLIC "-//W3C//DTD XHTML 1.1//EN" "http://www.w3.org/TR/xhtml11/DTD/xhtml11.dtd">
<html xmlns="http://www.w3.org/1999/xhtml"><head><title>TestNG Report</title><style type="text/css">table {margin-bottom:10px;border-collapse:collapse;empty-cells:show}th,td {border:1px solid #009;padding:.25em .5em}th {vertical-align:bottom}td {vertical-align:top}table a {font-weight:bold}.stripe td {background-color: #E6EBF9}.num {text-align:right}.passedodd td {background-color: #3F3}.passedeven td {background-color: #0A0}.skippedodd td {background-color: #DDD}.skippedeven td {background-color: #CCC}.failedodd td,.attn {background-color: #F33}.failedeven td,.stripe .attn {background-color: #D00}.stacktrace {white-space:pre;font-family:monospace}.totop {font-size:85%;text-align:center;border-bottom:2px solid #000}</style></head><body><table><tr><th>Test</th><th># Passed</th><th># Skipped</th><th># Failed</th><th>Time (ms)</th><th>Included Groups</th><th>Excluded Groups</th></tr><tr><th colspan="7">Zoho_CRM</th></tr><tr><td><a href="#t0">Login Test</a></td><td class="num">1</td><td class="num attn">1</td><td class="num">0</td><td class="num">172,357</td><td></td><td></td></tr><tr class="stripe"><td><a href="#t1">Lead Test</a></td><td class="num">0</td><td class="num attn">8</td><td class="num">0</td><td class="num">676</td><td></td><td></td></tr><tr><td><a href="#t2">Potential Test</a></td><td class="num">1</td><td class="num attn">1</td><td class="num">0</td><td class="num">152</td><td></td><td></td></tr><tr><th>Total</th><th class="num">2</th><th class="num attn">10</th><th class="num">0</th><th class="num">173,185</th><th colspan="2"></th></tr></table><table><thead><tr><th>Class</th><th>Method</th><th>Start</th><th>Time (ms)</th></tr></thead><tbody><tr><th colspan="4">Zoho_CRM</th></tr></tbody><tbody id="t0"><tr><th colspan="4">Login Test &#8212; skipped</th></tr><tr class="skippedeven"><td rowspan="1">com.qtpselenium.zoho.project.testcases.LoginTest</td><td><a href="#m0">doLogin</a></td><td rowspan="1">1472353371071</td><td rowspan="1">1</td></tr><tr><th colspan="4">Login Test &#8212; passed</th></tr><tr class="passedeven"><td rowspan="1">com.qtpselenium.zoho.project.testcases.LoginTest</td><td><a href="#m1">doLogin</a></td><td rowspan="1">1472353199500</td><td rowspan="1">157727</td></tr></tbody><tbody id="t1"><tr><th colspan="4">Lead Test &#8212; skipped</th></tr><tr class="skippedeven"><td rowspan="8">com.qtpselenium.zoho.project.testcases.LeadTest</td><td><a href="#m2">convertLeadTest</a></td><td rowspan="3">1472353371758</td><td rowspan="3">1</td></tr><tr class="skippedeven"><td><a href="#m3">convertLeadTest</a></td></tr><tr class="skippedeven"><td><a href="#m4">convertLeadTest</a></td></tr><tr class="skippedeven"><td><a href="#m5">createLeadTest</a></td><td rowspan="3">1472353371563</td><td rowspan="3">1</td></tr><tr class="skippedeven"><td><a href="#m6">createLeadTest</a></td></tr><tr class="skippedeven"><td><a href="#m7">createLeadTest</a></td></tr><tr class="skippedeven"><td><a href="#m8">deleteLeadAccountTest</a></td><td rowspan="2">1472353372092</td><td rowspan="2">0</td></tr><tr class="skippedeven"><td><a href="#m9">deleteLeadAccountTest</a></td></tr></tbody><tbody id="t2"><tr><th colspan="4">Potential Test &#8212; skipped</th></tr><tr class="skippedeven"><td rowspan="1">com.qtpselenium.zoho.project.testcases.PotentialTest</td><td><a href="#m10">createPotentialTest</a></td><td rowspan="1">1472353372248</td><td rowspan="1">5</td></tr><tr><th colspan="4">Potential Test &#8212; passed</th></tr><tr class="passedeven"><td rowspan="1">com.qtpselenium.zoho.project.testcases.PotentialTest</td><td><a href="#m11">deletePotentialAccountTest</a></td><td rowspan="1">1472353372323</td><td rowspan="1">0</td></tr></tbody></table><h2>Login Test</h2><h3 id="m0">com.qtpselenium.zoho.project.testcases.LoginTest#doLogin</h3><table class="result"><tr class="param"><th>Parameter #1</th></tr><tr class="param stripe"><td>{Username=joel.julian86@yahoo.com, ExpectedResult=Fail, Password=xxxxxxxx, Runmode=N, Browser=Chrome}</td></tr><tr><th>Exception</th></tr><tr><td><div class="stacktrace">org.testng.SkipException: Skipping as test data run is No
	at com.qtpselenium.zoho.project.testcases.LoginTest.doLogin(LoginTest.java:37)
... Removed 23 stack frames</div></td></tr></table><p class="totop"><a href="#summary">back to summary</a></p><h3 id="m1">com.qtpselenium.zoho.project.testcases.LoginTest#doLogin</h3><table class="result"><tr class="param"><th>Parameter #1</th></tr><tr class="param stripe"><td>{Username=joel.julian86@yahoo.com, ExpectedResult=Pass, Password=1ronM@iden, Runmode=Y, Browser=Chrome}</td></tr></table><p class="totop"><a href="#summary">back to summary</a></p><h2>Lead Test</h2><h3 id="m2">com.qtpselenium.zoho.project.testcases.LeadTest#convertLeadTest</h3><table class="result"><tr class="param"><th>Parameter #1</th></tr><tr class="param stripe"><td>{LeadLastName=Khan, Runmode=Y, LeadCompany=Coke, Browser=Chrome}</td></tr><tr><th>Exception</th></tr><tr><td><div class="stacktrace">org.testng.SkipException: Skipping test as test run is No
	at com.qtpselenium.zoho.project.testcases.LeadTest.convertLeadTest(LeadTest.java:85)
... Removed 23 stack frames</div></td></tr></table><p class="totop"><a href="#summary">back to summary</a></p><h3 id="m3">com.qtpselenium.zoho.project.testcases.LeadTest#convertLeadTest</h3><table class="result"><tr class="param"><th>Parameter #1</th></tr><tr class="param stripe"><td>{LeadLastName=Prabhakar, Runmode=Y, LeadCompany=Microsoft, Browser=Chrome}</td></tr><tr><th>Exception</th></tr><tr><td><div class="stacktrace">org.testng.SkipException: Skipping test as test run is No
	at com.qtpselenium.zoho.project.testcases.LeadTest.convertLeadTest(LeadTest.java:85)
... Removed 23 stack frames</div></td></tr></table><p class="totop"><a href="#summary">back to summary</a></p><h3 id="m4">com.qtpselenium.zoho.project.testcases.LeadTest#convertLeadTest</h3><table class="result"><tr class="param"><th>Parameter #1</th></tr><tr class="param stripe"><td>{LeadLastName=Watson, Runmode=N, LeadCompany=HP, Browser=Chrome}</td></tr><tr><th>Exception</th></tr><tr><td><div class="stacktrace">org.testng.SkipException: Skipping test as test run is No
	at com.qtpselenium.zoho.project.testcases.LeadTest.convertLeadTest(LeadTest.java:85)
... Removed 23 stack frames</div></td></tr></table><p class="totop"><a href="#summary">back to summary</a></p><h3 id="m5">com.qtpselenium.zoho.project.testcases.LeadTest#createLeadTest</h3><table class="result"><tr class="param"><th>Parameter #1</th></tr><tr class="param stripe"><td>{LeadLastName=Khan, Runmode=Y, LeadCompany=Coke, Browser=Chrome}</td></tr><tr><th>Exception</th></tr><tr><td><div class="stacktrace">org.testng.SkipException: Skipping test as test run is No
	at com.qtpselenium.zoho.project.testcases.LeadTest.createLeadTest(LeadTest.java:31)
... Removed 23 stack frames</div></td></tr></table><p class="totop"><a href="#summary">back to summary</a></p><h3 id="m6">com.qtpselenium.zoho.project.testcases.LeadTest#createLeadTest</h3><table class="result"><tr class="param"><th>Parameter #1</th></tr><tr class="param stripe"><td>{LeadLastName=Watson, Runmode=N, LeadCompany=HP, Browser=Chrome}</td></tr><tr><th>Exception</th></tr><tr><td><div class="stacktrace">org.testng.SkipException: Skipping test as test run is No
	at com.qtpselenium.zoho.project.testcases.LeadTest.createLeadTest(LeadTest.java:31)
... Removed 23 stack frames</div></td></tr></table><p class="totop"><a href="#summary">back to summary</a></p><h3 id="m7">com.qtpselenium.zoho.project.testcases.LeadTest#createLeadTest</h3><table class="result"><tr class="param"><th>Parameter #1</th></tr><tr class="param stripe"><td>{LeadLastName=Prabhakar, Runmode=Y, LeadCompany=Microsoft, Browser=Chrome}</td></tr><tr><th>Exception</th></tr><tr><td><div class="stacktrace">org.testng.SkipException: Skipping test as test run is No
	at com.qtpselenium.zoho.project.testcases.LeadTest.createLeadTest(LeadTest.java:31)
... Removed 23 stack frames</div></td></tr></table><p class="totop"><a href="#summary">back to summary</a></p><h3 id="m8">com.qtpselenium.zoho.project.testcases.LeadTest#deleteLeadAccountTest</h3><table class="result"><tr class="param"><th>Parameter #1</th></tr><tr class="param stripe"><td>{LeadLastName=Singh, Runmode=N, LeadCompany=Xerox, Browser=Chrome}</td></tr><tr><th>Exception</th></tr><tr><td><div class="stacktrace">org.testng.SkipException: Skipping test as test run is No
	at com.qtpselenium.zoho.project.testcases.LeadTest.deleteLeadAccountTest(LeadTest.java:132)
... Removed 23 stack frames</div></td></tr></table><p class="totop"><a href="#summary">back to summary</a></p><h3 id="m9">com.qtpselenium.zoho.project.testcases.LeadTest#deleteLeadAccountTest</h3><table class="result"><tr class="param"><th>Parameter #1</th></tr><tr class="param stripe"><td>{LeadLastName=Singh, Runmode=Y, LeadCompany=Colgate, Browser=Chrome}</td></tr><tr><th>Exception</th></tr><tr><td><div class="stacktrace">org.testng.SkipException: Skipping test as test run is No
	at com.qtpselenium.zoho.project.testcases.LeadTest.deleteLeadAccountTest(LeadTest.java:132)
... Removed 23 stack frames</div></td></tr></table><p class="totop"><a href="#summary">back to summary</a></p><h2>Potential Test</h2><h3 id="m10">com.qtpselenium.zoho.project.testcases.PotentialTest#createPotentialTest</h3><table class="result"><tr class="param"><th>Parameter #1</th></tr><tr class="param stripe"><td>{PotentialName=Moody, Runmode=Y, AccountName=Pinnacle, ClosingDate=23/09/2016, Stage=Needs Analysis, Browser=Chrome}</td></tr><tr><th>Exception</th></tr><tr><td><div class="stacktrace">org.testng.SkipException: Skipping test as test run is No
	at com.qtpselenium.zoho.project.testcases.PotentialTest.createPotentialTest(PotentialTest.java:30)
... Removed 23 stack frames</div></td></tr></table><p class="totop"><a href="#summary">back to summary</a></p><h3 id="m11">com.qtpselenium.zoho.project.testcases.PotentialTest#deletePotentialAccountTest</h3><table class="result"></table><p class="totop"><a href="#summary">back to summary</a></p></body></html>